<?xml version="1.0" encoding="UTF-8" ?>
<testsuite errors="0" failures="0" hostname="Ocho.local" name="test.gov.cdc.ncphi.phgrid.gipse.services.TestGIPSEService" tests="7" time="2.995" timestamp="2009-07-16T04:46:48">
  <properties>
    <property name="file.encoding.pkg" value="sun.io" />
    <property name="java.home" value="/System/Library/Frameworks/JavaVM.framework/Versions/1.5.0/Home" />
    <property name="test.src.dir" value="test/src" />
    <property name="env.DISPLAY" value="/tmp/launch-t7J00T/:0" />
    <property name="env.X509_USER_KEY" value="/Users/brian/.globus/userkey.pem" />
    <property name="java.endorsed.dirs" value="/System/Library/Frameworks/JavaVM.framework/Versions/1.5.0/Home/lib/endorsed" />
    <property name="env.LOGNAME" value="brian" />
    <property name="src.dir" value="src" />
    <property name="ext.globus.dir" value="/Users/brian/Documents/java-stuff/ws-core-4.0.5" />
    <property name="sun.os.patch.level" value="unknown" />
    <property name="java.vendor.url" value="http://www.apple.com/" />
    <property name="env.TERM_PROGRAM_VERSION" value="240.2" />
    <property name="java.version" value="1.5.0_16" />
    <property name="ant.file.Developer Modified Build File" value="/Users/brian/Documents/java-stuff/workspace/GIPSEService/dev-build.xml" />
    <property name="ant.contrib.location" value="tools/lib/ant-contrib-1.0b3.jar" />
    <property name="jikes.class.path" value=":/System/Library/Frameworks/JavaVM.framework/Versions/1.5.0/Home/../Classes/charsets.jar:/System/Library/Frameworks/JavaVM.framework/Versions/1.5.0/Home/../Classes/classes.jar:/System/Library/Frameworks/JavaVM.framework/Versions/1.5.0/Home/../Classes/dt.jar:/System/Library/Frameworks/JavaVM.framework/Versions/1.5.0/Home/../Classes/jce.jar:/System/Library/Frameworks/JavaVM.framework/Versions/1.5.0/Home/../Classes/jconsole.jar:/System/Library/Frameworks/JavaVM.framework/Versions/1.5.0/Home/../Classes/jsse.jar:/System/Library/Frameworks/JavaVM.framework/Versions/1.5.0/Home/../Classes/laf.jar:/System/Library/Frameworks/JavaVM.framework/Versions/1.5.0/Home/../Classes/ui.jar" />
    <property name="java.vendor.url.bug" value="http://bugreport.apple.com/" />
    <property name="javadoc.dir" value="/Users/brian/Documents/java-stuff/workspace/GIPSEService/build/javadoc" />
    <property name="introduce.skeleton.namespace.domain" value="http://gipse.services.phgrid.ncphi.cdc.gov/GIPSEService" />
    <property name="test.lib.dir" value="test/lib" />
    <property name="introduce.ns.excludes" value=" -x gme://caGrid.caBIG/1.0/gov.nih.nci.cagrid.metadata.security" />
    <property name="user.name" value="brian" />
    <property name="env.LANG" value="en_US.UTF-8" />
    <property name="sun.io.unicode.encoding" value="UnicodeLittle" />
    <property name="sun.jnu.encoding" value="MacRoman" />
    <property name="java.runtime.name" value="Java(TM) 2 Runtime Environment, Standard Edition" />
    <property name="schema.dest" value="/Users/brian/Documents/java-stuff/workspace/GIPSEService/build/schema" />
    <property name="lib.dir" value="lib" />
    <property name="tools.lib.dir" value="tools/lib" />
    <property name="java.specification.name" value="Java Platform API Specification" />
    <property name="test.jar.name" value="GIPSEService-tests.jar" />
    <property name="user.timezone" value="" />
    <property name="path.separator" value=":" />
    <property name="client.jar.name" value="GIPSEService-client.jar" />
    <property name="file.encoding" value="MacRoman" />
    <property name="jar.prefix" value="GIPSEService" />
    <property name="junit.results.dir" value="test/logs/junit" />
    <property name="env.HOME" value="/Users/brian" />
    <property name="introduce.soap.binding.excludes" value=" " />
    <property name="env.MANPATH" value="/usr/share/man:/usr/local/share/man:/usr/X11/man" />
    <property name="ant.file" value="/Users/brian/Documents/java-stuff/workspace/GIPSEService/build.xml" />
    <property name="test.log.dir" value="test/logs" />
    <property name="java.io.tmpdir" value="/tmp" />
    <property name="user.language" value="en" />
    <property name="line.separator" value="
" />
    <property name="garjars.id" value="garjars" />
    <property name="java.debug" value="on" />
    <property name="ant.file.build-deploy file" value="/Users/brian/Documents/java-stuff/workspace/GIPSEService/build-deploy.xml" />
    <property name="introduce.skeleton.service.name" value="GIPSEService" />
    <property name="tools.dir" value="tools" />
    <property name="schema.src" value="/Users/brian/Documents/java-stuff/ws-core-4.0.5/share/schema" />
    <property name="java.vm.info" value="mixed mode, sharing" />
    <property name="java.vm.specification.name" value="Java Virtual Machine Specification" />
    <property name="env.M2_REPO" value="/Users/brian/.m2/repository" />
    <property name="ant.file.run-tools file" value="/Users/brian/Documents/java-stuff/workspace/GIPSEService/run-tools.xml" />
    <property name="common.jar.name" value="GIPSEService-common.jar" />
    <property name="env.__CF_USER_TEXT_ENCODING" value="0x1F6:0:0" />
    <property name="ant.file.Introduce Master Build File" value="/Users/brian/Documents/java-stuff/workspace/GIPSEService/build.xml" />
    <property name="env.JAVA_MAIN_CLASS_1891" value="org.apache.tools.ant.launch.Launcher" />
    <property name="build.stubs" value="/Users/brian/Documents/java-stuff/workspace/GIPSEService/build-stubs.xml" />
    <property name="introduce.skeleton.timestamp" value="1247718663222" />
    <property name="stubs.src" value="/Users/brian/Documents/java-stuff/workspace/GIPSEService/build/stubs-GIPSEService/src" />
    <property name="java.awt.printerjob" value="apple.awt.CPrinterJob" />
    <property name="build.dest" value="/Users/brian/Documents/java-stuff/workspace/GIPSEService/build/classes" />
    <property name="test.build.dest" value="/Users/brian/Documents/java-stuff/workspace/GIPSEService/build/test/classes" />
    <property name="ant.version" value="Apache Ant version 1.7.1 compiled on June 27 2008" />
    <property name="gopherProxySet" value="false" />
    <property name="os.name" value="Mac OS X" />
    <property name="java.specification.vendor" value="Sun Microsystems Inc." />
    <property name="stubs.dest" value="/Users/brian/Documents/java-stuff/workspace/GIPSEService/build/stubs-GIPSEService/classes" />
    <property name="env.TERM" value="xterm-color" />
    <property name="java.vm.name" value="Java HotSpot(TM) Client VM" />
    <property name="mrj.version" value="1050.1.5.0_16-284" />
    <property name="java.library.path" value=".:/Library/Java/Extensions:/System/Library/Java/Extensions:/usr/lib/java" />
    <property name="env.PATH" value="/usr/bin:/bin:/usr/sbin:/sbin:/usr/local/bin:/usr/X11/bin:/opt/local/bin:/Users/brian/bin" />
    <property name="ant.file.developers-build-deploy file" value="/Users/brian/Documents/java-stuff/workspace/GIPSEService/dev-build-deploy.xml" />
    <property name="ant.java.version" value="1.5" />
    <property name="basedir" value="/Users/brian/Documents/java-stuff/workspace/GIPSEService" />
    <property name="java.class.version" value="49.0" />
    <property name="env.SHLVL" value="1" />
    <property name="ant.home" value="/Users/brian/Documents/java-stuff/apache-ant-1.7.1" />
    <property name="introduce.skeleton.services.list" value="GIPSEService" />
    <property name="build.packages" value="/Users/brian/Documents/java-stuff/ws-core-4.0.5/share/globus_wsrf_common/build-packages.xml" />
    <property name="sun.boot.library.path" value="/System/Library/Frameworks/JavaVM.framework/Versions/1.5.0/Libraries" />
    <property name="build.dir" value="/Users/brian/Documents/java-stuff/workspace/GIPSEService/build" />
    <property name="sun.management.compiler" value="HotSpot Client Compiler" />
    <property name="java.awt.graphicsenv" value="apple.awt.CGraphicsEnvironment" />
    <property name="stubs.jar.name" value="GIPSEService-stubs.jar" />
    <property name="env.USER" value="brian" />
    <property name="env.TERM_PROGRAM" value="Apple_Terminal" />
    <property name="env.COMMAND_MODE" value="unix2003" />
    <property name="ant.project.name" value="Introduce Master Build File" />
    <property name="schema.dir" value="schema" />
    <property name="GT4.ns.excludes" value="-x http://docs.oasis-open.org/wsrf/2004/06/wsrf-WS-BaseFaults-1.2-draft-01.xsd -x http://docs.oasis-open.org/wsrf/2004/06/wsrf-WS-BaseFaults-1.2-draft-01.wsdl -x http://docs.oasis-open.org/wsrf/2004/06/wsrf-WS-ResourceLifetime-1.2-draft-01.xsd -x http://docs.oasis-open.org/wsrf/2004/06/wsrf-WS-ResourceLifetime-1.2-draft-01.wsdl -x http://docs.oasis-open.org/wsrf/2004/06/wsrf-WS-ResourceProperties-1.2-draft-01.xsd -x http://docs.oasis-open.org/wsrf/2004/06/wsrf-WS-ResourceProperties-1.2-draft-01.wsdl -x http://docs.oasis-open.org/wsrf/2004/06/wsrf-WS-ServiceGroup-1.2-draft-01.xsd -x http://docs.oasis-open.org/wsrf/2004/06/wsrf-WS-ServiceGroup-1.2-draft-01.wsdl -x http://docs.oasis-open.org/wsn/2004/06/wsn-WS-BaseNotification-1.2-draft-01.xsd -x http://docs.oasis-open.org/wsn/2004/06/wsn-WS-BaseNotification-1.2-draft-01.wsdl -x http://schemas.xmlsoap.org/ws/2004/04/trust -x http://schemas.xmlsoap.org/ws/2002/12/policy -x http://schemas.xmlsoap.org/ws/2002/07/utility -x http://schemas.xmlsoap.org/ws/2004/04/sc -x http://docs.oasis-open.org/wss/2004/01/oasis-200401-wss-wssecurity-secext-1.0.xsd -x http://www.w3.org/2000/09/xmldsig# -x http://docs.oasis-open.org/wss/2004/01/oasis-200401-wss-wssecurity-utility-1.0.xsd -x http://schemas.xmlsoap.org/ws/2004/09/enumeration" />
    <property name="introduce.skeleton.destination.dir" value="/Users/brian/Documents/java-stuff/workspace/GIPSEService" />
    <property name="java.vm.specification.version" value="1.0" />
    <property name="env.GLOBUS_LOCATION" value="/Users/brian/Documents/java-stuff/ws-core-4.0.5" />
    <property name="awt.toolkit" value="apple.awt.CToolkit" />
    <property name="introduce.skeleton.extensions" value="" />
    <property name="build.lib.dir" value="/Users/brian/Documents/java-stuff/workspace/GIPSEService/build/lib" />
    <property name="sun.cpu.isalist" value="" />
    <property name="java.ext.dirs" value="/Library/Java/Extensions:/System/Library/Java/Extensions:/System/Library/Frameworks/JavaVM.framework/Versions/1.5.0/Home/lib/ext" />
    <property name="garschema.id" value="garschema" />
    <property name="os.version" value="10.5.7" />
    <property name="user.home" value="/Users/brian" />
    <property name="java.vm.vendor" value="Apple Inc." />
    <property name="mappings.file" value="/Users/brian/Documents/java-stuff/workspace/GIPSEService/namespace2package.mappings" />
    <property name="garetc.id" value="garetc" />
    <property name="env.X509_USER_CERT" value="/Users/brian/.globus/usercert.pem" />
    <property name="env.JAVA_HOME" value="/System/Library/Frameworks/JavaVM.framework/Versions/1.5.0/Home" />
    <property name="stubs.dir" value="/Users/brian/Documents/java-stuff/workspace/GIPSEService/build/stubs-GIPSEService" />
    <property name="user.dir" value="/Users/brian/Documents/java-stuff/workspace/GIPSEService" />
    <property name="schema.path" value="GIPSEService" />
    <property name="env.PWD" value="/Users/brian/Documents/java-stuff/workspace/GIPSEService" />
    <property name="test.dir" value="test" />
    <property name="tomcat.dir" value="${env.CATALINA_HOME}" />
    <property name="sun.cpu.endian" value="little" />
    <property name="env.TMPDIR" value="/var/folders/2Q/2QNnkIaPEna6WRpfnadZMU+++TM/-Tmp-/" />
    <property name="java.vm.version" value="1.5.0_16-133" />
    <property name="java.class.path" value="/Users/brian/Documents/java-stuff/workspace/GIPSEService/build/test/classes:/Users/brian/Documents/java-stuff/workspace/GIPSEService/build/classes:/Users/brian/Documents/java-stuff/workspace/GIPSEService/build/stubs-GIPSEService/classes:/Users/brian/Documents/java-stuff/workspace/GIPSEService/lib/caGrid-Introduce-serviceTools-1.3.jar:/Users/brian/Documents/java-stuff/workspace/GIPSEService/lib/caGrid-ServiceSecurityProvider-client-1.3.jar:/Users/brian/Documents/java-stuff/workspace/GIPSEService/lib/caGrid-ServiceSecurityProvider-common-1.3.jar:/Users/brian/Documents/java-stuff/workspace/GIPSEService/lib/caGrid-ServiceSecurityProvider-service-1.3.jar:/Users/brian/Documents/java-stuff/workspace/GIPSEService/lib/caGrid-ServiceSecurityProvider-stubs-1.3.jar:/Users/brian/Documents/java-stuff/workspace/GIPSEService/lib/caGrid-advertisement-1.3.jar:/Users/brian/Documents/java-stuff/workspace/GIPSEService/lib/caGrid-core-1.3.jar:/Users/brian/Documents/java-stuff/workspace/GIPSEService/lib/caGrid-metadata-security-1.3.jar:/Users/brian/Documents/java-stuff/workspace/GIPSEService/lib/commons-dbcp-1.2.2.jar:/Users/brian/Documents/java-stuff/workspace/GIPSEService/lib/commons-io-1.4.jar:/Users/brian/Documents/java-stuff/workspace/GIPSEService/lib/commons-lang-2.4.jar:/Users/brian/Documents/java-stuff/workspace/GIPSEService/lib/commons-pool-1.4.jar:/Users/brian/Documents/java-stuff/workspace/GIPSEService/lib/globus_wsrf_mds_aggregator.jar:/Users/brian/Documents/java-stuff/workspace/GIPSEService/lib/globus_wsrf_mds_aggregator_stubs.jar:/Users/brian/Documents/java-stuff/workspace/GIPSEService/lib/globus_wsrf_servicegroup.jar:/Users/brian/Documents/java-stuff/workspace/GIPSEService/lib/globus_wsrf_servicegroup_stubs.jar:/Users/brian/Documents/java-stuff/workspace/GIPSEService/lib/ibatis-2.3.4.726.jar:/Users/brian/Documents/java-stuff/workspace/GIPSEService/lib/jdom-1.0.jar:/Users/brian/Documents/java-stuff/workspace/GIPSEService/lib/jtds-1.2.2.jar:/Users/brian/Documents/java-stuff/workspace/GIPSEService/lib/postgresql-8.3-604.jdbc3.jar:/Users/brian/Documents/java-stuff/ws-core-4.0.5/lib/AMDSDataService.jar:/Users/brian/Documents/java-stuff/ws-core-4.0.5/lib/Client.jar:/Users/brian/Documents/java-stuff/ws-core-4.0.5/lib/GIPSEService-tests.jar:/Users/brian/Documents/java-stuff/ws-core-4.0.5/lib/Srv_AMDSClient.jar:/Users/brian/Documents/java-stuff/ws-core-4.0.5/lib/activation.jar:/Users/brian/Documents/java-stuff/ws-core-4.0.5/lib/addressing-1.0.jar:/Users/brian/Documents/java-stuff/ws-core-4.0.5/lib/axis-url.jar:/Users/brian/Documents/java-stuff/ws-core-4.0.5/lib/axis.jar:/Users/brian/Documents/java-stuff/ws-core-4.0.5/lib/bootstrap.jar:/Users/brian/Documents/java-stuff/ws-core-4.0.5/lib/caGrid-Introduce-serviceTools-1.3.jar:/Users/brian/Documents/java-stuff/ws-core-4.0.5/lib/caGrid-ServiceSecurityProvider-client-1.3.jar:/Users/brian/Documents/java-stuff/ws-core-4.0.5/lib/caGrid-ServiceSecurityProvider-common-1.3.jar:/Users/brian/Documents/java-stuff/ws-core-4.0.5/lib/caGrid-ServiceSecurityProvider-service-1.3.jar:/Users/brian/Documents/java-stuff/ws-core-4.0.5/lib/caGrid-ServiceSecurityProvider-stubs-1.3.jar:/Users/brian/Documents/java-stuff/ws-core-4.0.5/lib/caGrid-advertisement-1.3.jar:/Users/brian/Documents/java-stuff/ws-core-4.0.5/lib/caGrid-core-1.3.jar:/Users/brian/Documents/java-stuff/ws-core-4.0.5/lib/caGrid-metadata-security-1.3.jar:/Users/brian/Documents/java-stuff/ws-core-4.0.5/lib/cog-axis.jar:/Users/brian/Documents/java-stuff/ws-core-4.0.5/lib/cog-jglobus.jar:/Users/brian/Documents/java-stuff/ws-core-4.0.5/lib/cog-tomcat.jar:/Users/brian/Documents/java-stuff/ws-core-4.0.5/lib/cog-url.jar:/Users/brian/Documents/java-stuff/ws-core-4.0.5/lib/commonj.jar:/Users/brian/Documents/java-stuff/ws-core-4.0.5/lib/commons-beanutils.jar:/Users/brian/Documents/java-stuff/ws-core-4.0.5/lib/commons-cli-2.0.jar:/Users/brian/Documents/java-stuff/ws-core-4.0.5/lib/commons-collections-3.2.jar:/Users/brian/Documents/java-stuff/ws-core-4.0.5/lib/commons-dbcp-1.2.2.jar:/Users/brian/Documents/java-stuff/ws-core-4.0.5/lib/commons-digester.jar:/Users/brian/Documents/java-stuff/ws-core-4.0.5/lib/commons-discovery.jar:/Users/brian/Documents/java-stuff/ws-core-4.0.5/lib/commons-io-1.4.jar:/Users/brian/Documents/java-stuff/ws-core-4.0.5/lib/commons-lang-2.4.jar:/Users/brian/Documents/java-stuff/ws-core-4.0.5/lib/commons-logging.jar:/Users/brian/Documents/java-stuff/ws-core-4.0.5/lib/commons-pool-1.4.jar:/Users/brian/Documents/java-stuff/ws-core-4.0.5/lib/concurrent.jar:/Users/brian/Documents/java-stuff/ws-core-4.0.5/lib/cryptix-asn1.jar:/Users/brian/Documents/java-stuff/ws-core-4.0.5/lib/cryptix.jar:/Users/brian/Documents/java-stuff/ws-core-4.0.5/lib/cryptix32.jar:/Users/brian/Documents/java-stuff/ws-core-4.0.5/lib/fb12_utils.jar:/Users/brian/Documents/java-stuff/ws-core-4.0.5/lib/globus_usage_core.jar:/Users/brian/Documents/java-stuff/ws-core-4.0.5/lib/globus_usage_packets_common.jar:/Users/brian/Documents/java-stuff/ws-core-4.0.5/lib/globus_wsrf_mds_aggregator.jar:/Users/brian/Documents/java-stuff/ws-core-4.0.5/lib/globus_wsrf_mds_aggregator_stubs.jar:/Users/brian/Documents/java-stuff/ws-core-4.0.5/lib/globus_wsrf_servicegroup.jar:/Users/brian/Documents/java-stuff/ws-core-4.0.5/lib/globus_wsrf_servicegroup_stubs.jar:/Users/brian/Documents/java-stuff/ws-core-4.0.5/lib/globus_wsrf_tools_test.jar:/Users/brian/Documents/java-stuff/ws-core-4.0.5/lib/gov_cdc_ncphi_phgrid_amds_ws_Srv_AMDS.jar:/Users/brian/Documents/java-stuff/ws-core-4.0.5/lib/gov_cdc_ncphi_phgrid_amds_ws_Srv_AMDS_stubs.jar:/Users/brian/Documents/java-stuff/ws-core-4.0.5/lib/h2-1.1.110.jar:/Users/brian/Documents/java-stuff/ws-core-4.0.5/lib/ibatis-2.3.4.726.jar:/Users/brian/Documents/java-stuff/ws-core-4.0.5/lib/jaxb-api-2.0.jar:/Users/brian/Documents/java-stuff/ws-core-4.0.5/lib/jaxb-api.jar:/Users/brian/Documents/java-stuff/ws-core-4.0.5/lib/jaxb-impl.jar:/Users/brian/Documents/java-stuff/ws-core-4.0.5/lib/jaxb-xjc.jar:/Users/brian/Documents/java-stuff/ws-core-4.0.5/lib/jaxb1-impl.jar:/Users/brian/Documents/java-stuff/ws-core-4.0.5/lib/jaxrpc.jar:/Users/brian/Documents/java-stuff/ws-core-4.0.5/lib/jce-jdk13-125.jar:/Users/brian/Documents/java-stuff/ws-core-4.0.5/lib/jdom-1.0.jar:/Users/brian/Documents/java-stuff/ws-core-4.0.5/lib/jgss.jar:/Users/brian/Documents/java-stuff/ws-core-4.0.5/lib/jsr173_1.0_api.jar:/Users/brian/Documents/java-stuff/ws-core-4.0.5/lib/jtds-1.2.2.jar:/Users/brian/Documents/java-stuff/ws-core-4.0.5/lib/junit.jar:/Users/brian/Documents/java-stuff/ws-core-4.0.5/lib/log4j-1.2.8.jar:/Users/brian/Documents/java-stuff/ws-core-4.0.5/lib/naming-common.jar:/Users/brian/Documents/java-stuff/ws-core-4.0.5/lib/naming-factory.jar:/Users/brian/Documents/java-stuff/ws-core-4.0.5/lib/naming-java.jar:/Users/brian/Documents/java-stuff/ws-core-4.0.5/lib/naming-resources.jar:/Users/brian/Documents/java-stuff/ws-core-4.0.5/lib/opensaml.jar:/Users/brian/Documents/java-stuff/ws-core-4.0.5/lib/postgresql-8.3-604.jdbc3.jar:/Users/brian/Documents/java-stuff/ws-core-4.0.5/lib/puretls.jar:/Users/brian/Documents/java-stuff/ws-core-4.0.5/lib/resolver.jar:/Users/brian/Documents/java-stuff/ws-core-4.0.5/lib/saaj.jar:/Users/brian/Documents/java-stuff/ws-core-4.0.5/lib/servlet.jar:/Users/brian/Documents/java-stuff/ws-core-4.0.5/lib/swing-layout-1.0.3.jar:/Users/brian/Documents/java-stuff/ws-core-4.0.5/lib/swingx-0.9.6.jar:/Users/brian/Documents/java-stuff/ws-core-4.0.5/lib/wsdl4j.jar:/Users/brian/Documents/java-stuff/ws-core-4.0.5/lib/wsrf_common.jar:/Users/brian/Documents/java-stuff/ws-core-4.0.5/lib/wsrf_core.jar:/Users/brian/Documents/java-stuff/ws-core-4.0.5/lib/wsrf_core_registry.jar:/Users/brian/Documents/java-stuff/ws-core-4.0.5/lib/wsrf_core_registry_stubs.jar:/Users/brian/Documents/java-stuff/ws-core-4.0.5/lib/wsrf_core_samples_authzService.jar:/Users/brian/Documents/java-stuff/ws-core-4.0.5/lib/wsrf_core_samples_authzService_stubs.jar:/Users/brian/Documents/java-stuff/ws-core-4.0.5/lib/wsrf_core_samples_counter.jar:/Users/brian/Documents/java-stuff/ws-core-4.0.5/lib/wsrf_core_samples_counter_stubs.jar:/Users/brian/Documents/java-stuff/ws-core-4.0.5/lib/wsrf_core_samples_mgmt.jar:/Users/brian/Documents/java-stuff/ws-core-4.0.5/lib/wsrf_core_samples_mgmt_stubs.jar:/Users/brian/Documents/java-stuff/ws-core-4.0.5/lib/wsrf_core_stubs.jar:/Users/brian/Documents/java-stuff/ws-core-4.0.5/lib/wsrf_provider_jce.jar:/Users/brian/Documents/java-stuff/ws-core-4.0.5/lib/wsrf_test.jar:/Users/brian/Documents/java-stuff/ws-core-4.0.5/lib/wsrf_test_interop.jar:/Users/brian/Documents/java-stuff/ws-core-4.0.5/lib/wsrf_test_interop_stubs.jar:/Users/brian/Documents/java-stuff/ws-core-4.0.5/lib/wsrf_test_unit.jar:/Users/brian/Documents/java-stuff/ws-core-4.0.5/lib/wsrf_test_unit_stubs.jar:/Users/brian/Documents/java-stuff/ws-core-4.0.5/lib/wsrf_tools.jar:/Users/brian/Documents/java-stuff/ws-core-4.0.5/lib/wss4j.jar:/Users/brian/Documents/java-stuff/ws-core-4.0.5/lib/xalan.jar:/Users/brian/Documents/java-stuff/ws-core-4.0.5/lib/xercesImpl.jar:/Users/brian/Documents/java-stuff/ws-core-4.0.5/lib/xml-apis.jar:/Users/brian/Documents/java-stuff/ws-core-4.0.5/lib/xmlsec.jar:/Users/brian/Documents/java-stuff/apache-ant-1.7.1/lib/ant-launcher.jar:/Users/brian/Documents/java-stuff/apache-ant-1.7.1/lib/ant.jar:/Users/brian/Documents/java-stuff/apache-ant-1.7.1/lib/ant-junit.jar" />
    <property name="ant.library.dir" value="/Users/brian/Documents/java-stuff/apache-ant-1.7.1/lib" />
    <property name="os.arch" value="i386" />
    <property name="env.Apple_PubSub_Socket_Render" value="/tmp/launch-TN1Fuu/Render" />
    <property name="sun.java.launcher" value="SUN_STANDARD" />
    <property name="ant.core.lib" value="/Users/brian/Documents/java-stuff/apache-ant-1.7.1/lib/ant.jar" />
    <property name="java.vm.specification.vendor" value="Sun Microsystems Inc." />
    <property name="file.separator" value="/" />
    <property name="introduce.skeleton.resource.options" value="main,singleton,identifiable,resourcePropertyManagement" />
    <property name="env.X509_CA_CERT" value="31f15ec4.0" />
    <property name="java.runtime.version" value="1.5.0_16-b06-284" />
    <property name="env.SSH_AUTH_SOCK" value="/tmp/launch-Ivcz3G/Listeners" />
    <property name="sun.boot.class.path" value="/System/Library/Frameworks/JavaVM.framework/Versions/1.5.0/Classes/classes.jar:/System/Library/Frameworks/JavaVM.framework/Versions/1.5.0/Classes/ui.jar:/System/Library/Frameworks/JavaVM.framework/Versions/1.5.0/Classes/laf.jar:/System/Library/Frameworks/JavaVM.framework/Versions/1.5.0/Classes/sunrsasign.jar:/System/Library/Frameworks/JavaVM.framework/Versions/1.5.0/Classes/jsse.jar:/System/Library/Frameworks/JavaVM.framework/Versions/1.5.0/Classes/jce.jar:/System/Library/Frameworks/JavaVM.framework/Versions/1.5.0/Classes/charsets.jar" />
    <property name="env.ANT_HOME" value="/Users/brian/Documents/java-stuff/apache-ant-1.7.1" />
    <property name="user.country" value="US" />
    <property name="etc.dir" value="etc" />
    <property name="env.SHELL" value="/bin/bash" />
    <property name="service.jar.name" value="GIPSEService-service.jar" />
    <property name="service.name" value="GIPSEService" />
    <property name="env.X509_CERT_DIR" value="/etc/grid-security/certificates" />
    <property name="java.vendor" value="Apple Inc." />
    <property name="awt.nativeDoubleBuffering" value="true" />
    <property name="java.specification.version" value="1.5" />
    <property name="jboss.dir" value="${env.JBOSS_HOME}" />
    <property name="sun.arch.data.model" value="32" />
  </properties>
  <testcase classname="test.gov.cdc.ncphi.phgrid.gipse.services.TestGIPSEService" name="testIbatisSqlMapClient" time="0.25" />
  <testcase classname="test.gov.cdc.ncphi.phgrid.gipse.services.TestGIPSEService" name="testIbatisQuery" time="0.295" />
  <testcase classname="test.gov.cdc.ncphi.phgrid.gipse.services.TestGIPSEService" name="testIbatisQueryEmpty" time="0.011" />
  <testcase classname="test.gov.cdc.ncphi.phgrid.gipse.services.TestGIPSEService" name="testMetadataQuery" time="1.317" />
  <testcase classname="test.gov.cdc.ncphi.phgrid.gipse.services.TestGIPSEService" name="testServiceQueryByState" time="0.321" />
  <testcase classname="test.gov.cdc.ncphi.phgrid.gipse.services.TestGIPSEService" name="testServiceQueryByZip3" time="0.337" />
  <testcase classname="test.gov.cdc.ncphi.phgrid.gipse.services.TestGIPSEService" name="testServiceQueryByZip5" time="0.263" />
  <system-out><![CDATA[]]></system-out>
  <system-err><![CDATA[]]></system-err>
</testsuite>
